<?xml version="1.0" encoding="UTF-8"?>
<!-- Generated by org.testng.reporters.JUnitReportReporter -->
<testsuite hostname="LAPTOP-69KE4GU1" failures="0" tests="1" name="TestScripts.TC_Walibo_Login_and_HomePage" time="12.694" errors="0" timestamp="2024-07-13T08:53:05 IST" skipped="0">
  <testcase classname="TestScripts.TC_Walibo_Login_and_HomePage" name="Login_With_User" time="12.694"/>
  <system-out/>
</testsuite> <!-- TestScripts.TC_Walibo_Login_and_HomePage -->
