<?xml version="1.0" encoding="UTF-8"?>
<!-- Generated by org.testng.reporters.JUnitReportReporter -->
<testsuite hostname="LAPTOP-69KE4GU1" failures="0" tests="2" name="TestScripts.TC_Woliba_Events" time="52.684" errors="0" timestamp="2024-07-18T11:20:35 IST" skipped="0">
  <testcase classname="TestScripts.TC_Woliba_Events" name="Login_With_User" time="16.436"/>
  <system-out/>
  <testcase classname="TestScripts.TC_Woliba_Events" name="WolibaEventsTest" time="36.248"/>
  <system-out/>
</testsuite> <!-- TestScripts.TC_Woliba_Events -->
