<?xml version="1.0" encoding="UTF-8"?>
<!-- Generated by org.testng.reporters.JUnitReportReporter -->
<testsuite hostname="LAPTOP-69KE4GU1" failures="0" tests="2" name="TestScripts.TC_Walibo_LeaderBoard" time="22.248" errors="0" timestamp="2024-07-13T11:52:33 IST" skipped="0">
  <testcase classname="TestScripts.TC_Walibo_LeaderBoard" name="Login_With_User" time="11.445"/>
  <system-out/>
  <testcase classname="TestScripts.TC_Walibo_LeaderBoard" name="WaliboLeaderBoard" time="10.803"/>
  <system-out/>
</testsuite> <!-- TestScripts.TC_Walibo_LeaderBoard -->
